-------------------------------------------------------------------------------
Test set: com.bigbrightpaints.erp.modules.sales.service.SalesServiceTest
-------------------------------------------------------------------------------
Tests run: 2, Failures: 0, Errors: 2, Skipped: 0, Time elapsed: 2.093 s <<< FAILURE! -- in com.bigbrightpaints.erp.modules.sales.service.SalesServiceTest
com.bigbrightpaints.erp.modules.sales.service.SalesServiceTest.createOrderRequiresTaxAccountWhenGstPerItem -- Time elapsed: 2.056 s <<< ERROR!
org.mockito.exceptions.misusing.UnnecessaryStubbingException: 

Unnecessary stubbings detected.
Clean & maintainable test code requires zero unnecessary code.
Following stubbings are unnecessary (click to navigate to relevant line of code):
  1. -> at com.bigbrightpaints.erp.modules.sales.service.SalesServiceTest.setUp(SalesServiceTest.java:81)
  2. -> at com.bigbrightpaints.erp.modules.sales.service.SalesServiceTest.setUp(SalesServiceTest.java:82)
Please remove unnecessary stubbings or use 'lenient' strictness. More info: javadoc for UnnecessaryStubbingException class.
	at org.mockito.junit.jupiter.MockitoExtension.afterEach(MockitoExtension.java:197)
	at java.base/java.util.ArrayList.forEach(ArrayList.java:1596)
	at java.base/java.util.ArrayList.forEach(ArrayList.java:1596)

com.bigbrightpaints.erp.modules.sales.service.SalesServiceTest.createOrderNeedsRevenueAccount -- Time elapsed: 0.027 s <<< ERROR!
org.mockito.exceptions.misusing.UnnecessaryStubbingException: 

Unnecessary stubbings detected.
Clean & maintainable test code requires zero unnecessary code.
Following stubbings are unnecessary (click to navigate to relevant line of code):
  1. -> at com.bigbrightpaints.erp.modules.sales.service.SalesServiceTest.setUp(SalesServiceTest.java:81)
  2. -> at com.bigbrightpaints.erp.modules.sales.service.SalesServiceTest.setUp(SalesServiceTest.java:82)
Please remove unnecessary stubbings or use 'lenient' strictness. More info: javadoc for UnnecessaryStubbingException class.
	at org.mockito.junit.jupiter.MockitoExtension.afterEach(MockitoExtension.java:197)
	at java.base/java.util.ArrayList.forEach(ArrayList.java:1596)
	at java.base/java.util.ArrayList.forEach(ArrayList.java:1596)

