-------------------------------------------------------------------------------
Test set: com.bigbrightpaints.erp.modules.auth.service.MfaServiceTest
-------------------------------------------------------------------------------
Tests run: 3, Failures: 1, Errors: 0, Skipped: 0, Time elapsed: 4.980 s <<< FAILURE! -- in com.bigbrightpaints.erp.modules.auth.service.MfaServiceTest
com.bigbrightpaints.erp.modules.auth.service.MfaServiceTest.verifyDuringLoginRequiresCodeWhenEnabled -- Time elapsed: 0.101 s <<< FAILURE!
org.opentest4j.AssertionFailedError: Unexpected exception type thrown, expected: <java.lang.IllegalArgumentException> but was: <com.bigbrightpaints.erp.modules.auth.exception.MfaRequiredException>
	at org.junit.jupiter.api.AssertionFailureBuilder.build(AssertionFailureBuilder.java:151)
	at org.junit.jupiter.api.AssertThrows.assertThrows(AssertThrows.java:67)
	at org.junit.jupiter.api.AssertThrows.assertThrows(AssertThrows.java:35)
	at org.junit.jupiter.api.Assertions.assertThrows(Assertions.java:3115)
	at com.bigbrightpaints.erp.modules.auth.service.MfaServiceTest.verifyDuringLoginRequiresCodeWhenEnabled(MfaServiceTest.java:46)
	at java.base/java.lang.reflect.Method.invoke(Method.java:580)
	at java.base/java.util.ArrayList.forEach(ArrayList.java:1596)
	at java.base/java.util.ArrayList.forEach(ArrayList.java:1596)
Caused by: com.bigbrightpaints.erp.modules.auth.exception.MfaRequiredException: Multi-factor authentication required
	at com.bigbrightpaints.erp.modules.auth.service.MfaService.verifyDuringLogin(MfaService.java:122)
	at com.bigbrightpaints.erp.modules.auth.service.MfaServiceTest.lambda$verifyDuringLoginRequiresCodeWhenEnabled$1(MfaServiceTest.java:46)
	at org.junit.jupiter.api.AssertThrows.assertThrows(AssertThrows.java:53)
	... 6 more

