-------------------------------------------------------------------------------
Test set: com.bigbrightpaints.erp.modules.auth.service.PasswordServiceTest
-------------------------------------------------------------------------------
Tests run: 3, Failures: 0, Errors: 1, Skipped: 0, Time elapsed: 3.578 s <<< FAILURE! -- in com.bigbrightpaints.erp.modules.auth.service.PasswordServiceTest
com.bigbrightpaints.erp.modules.auth.service.PasswordServiceTest.changePasswordRejectsWeakPasswords -- Time elapsed: 0.554 s <<< ERROR!
org.mockito.exceptions.misusing.UnnecessaryStubbingException: 

Unnecessary stubbings detected.
Clean & maintainable test code requires zero unnecessary code.
Following stubbings are unnecessary (click to navigate to relevant line of code):
  1. -> at com.bigbrightpaints.erp.modules.auth.service.PasswordServiceTest.changePasswordRejectsWeakPasswords(PasswordServiceTest.java:66)
Please remove unnecessary stubbings or use 'lenient' strictness. More info: javadoc for UnnecessaryStubbingException class.
	at org.mockito.junit.jupiter.MockitoExtension.afterEach(MockitoExtension.java:197)
	at java.base/java.util.ArrayList.forEach(ArrayList.java:1596)
	at java.base/java.util.ArrayList.forEach(ArrayList.java:1596)

